<?xml version="1.0" encoding="UTF-8"?>
<!-- Generated by org.testng.reporters.JUnitXMLReporter -->
<testsuite hostname="DESKTOP-QAK2P13" failures="0" tests="22" name="Default test" time="1.057" errors="0" timestamp="16 Jul 2021 13:48:51 GMT">
  <testcase classname="com.fetchr.testcases.TrackingPageTest" name="@BeforeMethod setUp" time="0.0">
    <failure type="org.testng.TestNGException" message="
Parameter &amp;apos;browser&amp;apos; is required by @Configuration on method setUp but has not been marked @Optional or defined
in C:\Users\QA\AppData\Local\Temp\testng-eclipse--1205147785\testng-customsuite.xml">
      <![CDATA[org.testng.TestNGException: 
Parameter 'browser' is required by @Configuration on method setUp but has not been marked @Optional or defined
in C:\Users\QA\AppData\Local\Temp\testng-eclipse--1205147785\testng-customsuite.xml
	at org.testng.internal.Parameters.createParameters(Parameters.java:155)
	at org.testng.internal.Parameters.createParameters(Parameters.java:358)
	at org.testng.internal.Parameters.createConfigurationParameters(Parameters.java:86)
	at org.testng.internal.Invoker.invokeConfigurations(Invoker.java:199)
	at org.testng.internal.Invoker.invokeMethod(Invoker.java:653)
	at org.testng.internal.Invoker.invokeTestMethod(Invoker.java:901)
	at org.testng.internal.Invoker.invokeTestMethods(Invoker.java:1231)
	at org.testng.internal.TestMethodWorker.invokeTestMethods(TestMethodWorker.java:127)
	at org.testng.internal.TestMethodWorker.run(TestMethodWorker.java:111)
	at org.testng.TestRunner.privateRun(TestRunner.java:767)
	at org.testng.TestRunner.run(TestRunner.java:617)
	at org.testng.SuiteRunner.runTest(SuiteRunner.java:348)
	at org.testng.SuiteRunner.runSequentially(SuiteRunner.java:343)
	at org.testng.SuiteRunner.privateRun(SuiteRunner.java:305)
	at org.testng.SuiteRunner.run(SuiteRunner.java:254)
	at org.testng.SuiteRunnerWorker.runSuite(SuiteRunnerWorker.java:52)
	at org.testng.SuiteRunnerWorker.run(SuiteRunnerWorker.java:86)
	at org.testng.TestNG.runSuitesSequentially(TestNG.java:1224)
	at org.testng.TestNG.runSuitesLocally(TestNG.java:1149)
	at org.testng.TestNG.run(TestNG.java:1057)
	at org.testng.remote.AbstractRemoteTestNG.run(AbstractRemoteTestNG.java:115)
	at org.testng.remote.RemoteTestNG.initAndRun(RemoteTestNG.java:251)
	at org.testng.remote.RemoteTestNG.main(RemoteTestNG.java:77)
]]>
    </failure>
  </testcase> <!-- @BeforeMethod setUp -->
  <testcase classname="com.fetchr.testcases.TrackingPageTest" name="@AfterMethod tearDown" time="0.0">
    <skipped/>
  </testcase> <!-- @AfterMethod tearDown -->
  <testcase classname="com.fetchr.testcases.TrackingPageTest" name="@BeforeMethod setUp" time="0.0">
    <skipped/>
  </testcase> <!-- @BeforeMethod setUp -->
  <testcase classname="com.fetchr.testcases.TrackingPageTest" name="@AfterMethod tearDown" time="0.0">
    <skipped/>
  </testcase> <!-- @AfterMethod tearDown -->
  <testcase classname="com.fetchr.testcases.TrackingPageTest" name="@BeforeMethod setUp" time="0.0">
    <skipped/>
  </testcase> <!-- @BeforeMethod setUp -->
  <testcase classname="com.fetchr.testcases.TrackingPageTest" name="@AfterMethod tearDown" time="0.0">
    <skipped/>
  </testcase> <!-- @AfterMethod tearDown -->
  <testcase classname="com.fetchr.testcases.TrackingPageTest" name="@BeforeMethod setUp" time="0.0">
    <skipped/>
  </testcase> <!-- @BeforeMethod setUp -->
  <testcase classname="com.fetchr.testcases.TrackingPageTest" name="@AfterMethod tearDown" time="0.0">
    <skipped/>
  </testcase> <!-- @AfterMethod tearDown -->
  <testcase classname="com.fetchr.testcases.TrackingPageTest" name="@BeforeMethod setUp" time="0.0">
    <skipped/>
  </testcase> <!-- @BeforeMethod setUp -->
  <testcase classname="com.fetchr.testcases.TrackingPageTest" name="@AfterMethod tearDown" time="0.0">
    <skipped/>
  </testcase> <!-- @AfterMethod tearDown -->
  <testcase classname="com.fetchr.testcases.TrackingPageTest" name="@BeforeMethod setUp" time="0.0">
    <skipped/>
  </testcase> <!-- @BeforeMethod setUp -->
  <testcase classname="com.fetchr.testcases.TrackingPageTest" name="@AfterMethod tearDown" time="0.0">
    <skipped/>
  </testcase> <!-- @AfterMethod tearDown -->
  <testcase classname="com.fetchr.testcases.TrackingPageTest" name="@BeforeMethod setUp" time="0.0">
    <skipped/>
  </testcase> <!-- @BeforeMethod setUp -->
  <testcase classname="com.fetchr.testcases.TrackingPageTest" name="@AfterMethod tearDown" time="0.0">
    <skipped/>
  </testcase> <!-- @AfterMethod tearDown -->
  <testcase classname="com.fetchr.testcases.TrackingPageTest" name="@BeforeMethod setUp" time="0.0">
    <skipped/>
  </testcase> <!-- @BeforeMethod setUp -->
  <testcase classname="com.fetchr.testcases.TrackingPageTest" name="@AfterMethod tearDown" time="0.0">
    <skipped/>
  </testcase> <!-- @AfterMethod tearDown -->
  <testcase classname="com.fetchr.testcases.TrackingPageTest" name="@BeforeMethod setUp" time="0.0">
    <skipped/>
  </testcase> <!-- @BeforeMethod setUp -->
  <testcase classname="com.fetchr.testcases.TrackingPageTest" name="@AfterMethod tearDown" time="0.0">
    <skipped/>
  </testcase> <!-- @AfterMethod tearDown -->
  <testcase classname="com.fetchr.testcases.TrackingPageTest" name="@BeforeMethod setUp" time="0.0">
    <skipped/>
  </testcase> <!-- @BeforeMethod setUp -->
  <testcase classname="com.fetchr.testcases.TrackingPageTest" name="@AfterMethod tearDown" time="0.0">
    <skipped/>
  </testcase> <!-- @AfterMethod tearDown -->
  <testcase classname="com.fetchr.testcases.TrackingPageTest" name="@BeforeMethod setUp" time="0.0">
    <skipped/>
  </testcase> <!-- @BeforeMethod setUp -->
  <testcase classname="com.fetchr.testcases.TrackingPageTest" name="@AfterMethod tearDown" time="0.0">
    <skipped/>
  </testcase> <!-- @AfterMethod tearDown -->
  <testcase classname="com.fetchr.testcases.TrackingPageTest" name="@BeforeMethod setUp" time="0.0">
    <skipped/>
  </testcase> <!-- @BeforeMethod setUp -->
  <testcase classname="com.fetchr.testcases.TrackingPageTest" name="@AfterMethod tearDown" time="0.0">
    <skipped/>
  </testcase> <!-- @AfterMethod tearDown -->
  <testcase classname="com.fetchr.testcases.TrackingPageTest" name="@BeforeMethod setUp" time="0.0">
    <skipped/>
  </testcase> <!-- @BeforeMethod setUp -->
  <testcase classname="com.fetchr.testcases.TrackingPageTest" name="@AfterMethod tearDown" time="0.0">
    <skipped/>
  </testcase> <!-- @AfterMethod tearDown -->
  <testcase classname="com.fetchr.testcases.TrackingPageTest" name="@BeforeMethod setUp" time="0.0">
    <skipped/>
  </testcase> <!-- @BeforeMethod setUp -->
  <testcase classname="com.fetchr.testcases.TrackingPageTest" name="@AfterMethod tearDown" time="0.0">
    <skipped/>
  </testcase> <!-- @AfterMethod tearDown -->
  <testcase classname="com.fetchr.testcases.TrackingPageTest" name="@BeforeMethod setUp" time="0.0">
    <skipped/>
  </testcase> <!-- @BeforeMethod setUp -->
  <testcase classname="com.fetchr.testcases.TrackingPageTest" name="@AfterMethod tearDown" time="0.0">
    <skipped/>
  </testcase> <!-- @AfterMethod tearDown -->
  <testcase classname="com.fetchr.testcases.TrackingPageTest" name="@BeforeMethod setUp" time="0.0">
    <skipped/>
  </testcase> <!-- @BeforeMethod setUp -->
  <testcase classname="com.fetchr.testcases.TrackingPageTest" name="@AfterMethod tearDown" time="0.0">
    <skipped/>
  </testcase> <!-- @AfterMethod tearDown -->
  <testcase classname="com.fetchr.testcases.TrackingPageTest" name="@BeforeMethod setUp" time="0.0">
    <skipped/>
  </testcase> <!-- @BeforeMethod setUp -->
  <testcase classname="com.fetchr.testcases.TrackingPageTest" name="@AfterMethod tearDown" time="0.0">
    <skipped/>
  </testcase> <!-- @AfterMethod tearDown -->
  <testcase classname="com.fetchr.testcases.TrackingPageTest" name="@BeforeMethod setUp" time="0.0">
    <skipped/>
  </testcase> <!-- @BeforeMethod setUp -->
  <testcase classname="com.fetchr.testcases.TrackingPageTest" name="@AfterMethod tearDown" time="0.0">
    <skipped/>
  </testcase> <!-- @AfterMethod tearDown -->
  <testcase classname="com.fetchr.testcases.TrackingPageTest" name="@BeforeMethod setUp" time="0.0">
    <skipped/>
  </testcase> <!-- @BeforeMethod setUp -->
  <testcase classname="com.fetchr.testcases.TrackingPageTest" name="@AfterMethod tearDown" time="0.0">
    <skipped/>
  </testcase> <!-- @AfterMethod tearDown -->
  <testcase classname="com.fetchr.testcases.TrackingPageTest" name="@BeforeMethod setUp" time="0.0">
    <skipped/>
  </testcase> <!-- @BeforeMethod setUp -->
  <testcase classname="com.fetchr.testcases.TrackingPageTest" name="@AfterMethod tearDown" time="0.0">
    <skipped/>
  </testcase> <!-- @AfterMethod tearDown -->
  <testcase classname="com.fetchr.testcases.TrackingPageTest" name="@BeforeMethod setUp" time="0.0">
    <skipped/>
  </testcase> <!-- @BeforeMethod setUp -->
  <testcase classname="com.fetchr.testcases.TrackingPageTest" name="@AfterMethod tearDown" time="0.0">
    <skipped/>
  </testcase> <!-- @AfterMethod tearDown -->
  <testcase classname="com.fetchr.testcases.TrackingPageTest" name="@BeforeMethod setUp" time="0.0">
    <skipped/>
  </testcase> <!-- @BeforeMethod setUp -->
  <testcase classname="com.fetchr.testcases.TrackingPageTest" name="@AfterMethod tearDown" time="0.0">
    <skipped/>
  </testcase> <!-- @AfterMethod tearDown -->
  <testcase classname="com.fetchr.testcases.TrackingPageTest" name="trackingTitleTest" time="0.016">
    <skipped/>
  </testcase> <!-- trackingTitleTest -->
  <testcase classname="com.fetchr.testcases.TrackingPageTest" name="trackingUrlCheck" time="0.0">
    <skipped/>
  </testcase> <!-- trackingUrlCheck -->
  <testcase classname="com.fetchr.testcases.TrackingPageTest" name="trackingLogoCheck" time="0.0">
    <skipped/>
  </testcase> <!-- trackingLogoCheck -->
  <testcase classname="com.fetchr.testcases.TrackingPageTest" name="switchLanguageToArabic" time="0.0">
    <skipped/>
  </testcase> <!-- switchLanguageToArabic -->
  <testcase classname="com.fetchr.testcases.TrackingPageTest" name="checkTheStatusOfOrderByTrackingNum" time="0.016">
    <skipped/>
  </testcase> <!-- checkTheStatusOfOrderByTrackingNum -->
  <testcase classname="com.fetchr.testcases.TrackingPageTest" name="checkTheStatusOfOrderByTrackingNum" time="0.0">
    <skipped/>
  </testcase> <!-- checkTheStatusOfOrderByTrackingNum -->
  <testcase classname="com.fetchr.testcases.TrackingPageTest" name="clickOnCoronaSafetyMessage" time="0.0">
    <skipped/>
  </testcase> <!-- clickOnCoronaSafetyMessage -->
  <testcase classname="com.fetchr.testcases.TrackingPageTest" name="navigateToDeliveryMapsScreen" time="0.0">
    <skipped/>
  </testcase> <!-- navigateToDeliveryMapsScreen -->
  <testcase classname="com.fetchr.testcases.TrackingPageTest" name="checkOrderHistory" time="0.0">
    <skipped/>
  </testcase> <!-- checkOrderHistory -->
  <testcase classname="com.fetchr.testcases.TrackingPageTest" name="checkOrderHistory" time="0.016">
    <skipped/>
  </testcase> <!-- checkOrderHistory -->
  <testcase classname="com.fetchr.testcases.TrackingPageTest" name="searchingForInvalidOrderNumbers" time="0.0">
    <skipped/>
  </testcase> <!-- searchingForInvalidOrderNumbers -->
  <testcase classname="com.fetchr.testcases.TrackingPageTest" name="searchingForInvalidOrderNumbers" time="0.0">
    <skipped/>
  </testcase> <!-- searchingForInvalidOrderNumbers -->
  <testcase classname="com.fetchr.testcases.TrackingPageTest" name="enteringInvalidInputInOrderNumbers" time="0.0">
    <skipped/>
  </testcase> <!-- enteringInvalidInputInOrderNumbers -->
  <testcase classname="com.fetchr.testcases.TrackingPageTest" name="enteringInvalidInputInOrderNumbers" time="0.038">
    <skipped/>
  </testcase> <!-- enteringInvalidInputInOrderNumbers -->
  <testcase classname="com.fetchr.testcases.TrackingPageTest" name="enteringInvalidInputInOrderNumbers" time="0.0">
    <skipped/>
  </testcase> <!-- enteringInvalidInputInOrderNumbers -->
  <testcase classname="com.fetchr.testcases.TrackingPageTest" name="enteringInvalidInputInOrderNumbers" time="0.0">
    <skipped/>
  </testcase> <!-- enteringInvalidInputInOrderNumbers -->
  <testcase classname="com.fetchr.testcases.TrackingPageTest" name="enteringInvalidInputInOrderNumbers" time="0.0">
    <skipped/>
  </testcase> <!-- enteringInvalidInputInOrderNumbers -->
  <testcase classname="com.fetchr.testcases.TrackingPageTest" name="searchForEmptyOrderTrackingNumbers" time="0.0">
    <skipped/>
  </testcase> <!-- searchForEmptyOrderTrackingNumbers -->
  <testcase classname="com.fetchr.testcases.TrackingPageTest" name="NavigatetoRescheduleOrderScreem" time="0.016">
    <skipped/>
  </testcase> <!-- NavigatetoRescheduleOrderScreem -->
  <testcase classname="com.fetchr.testcases.TrackingPageTest" name="NavigatetoRescheduleOrderScreem" time="0.0">
    <skipped/>
  </testcase> <!-- NavigatetoRescheduleOrderScreem -->
  <testcase classname="com.fetchr.testcases.TrackingPageTest" name="clickOnPrivacyPolicy" time="0.0">
    <skipped/>
  </testcase> <!-- clickOnPrivacyPolicy -->
  <testcase classname="com.fetchr.testcases.TrackingPageTest" name="clickOnTermsAndConditions" time="0.0">
    <skipped/>
  </testcase> <!-- clickOnTermsAndConditions -->
</testsuite> <!-- Default test -->
